<?xml version="1.0" encoding="UTF-8"?>
<!-- Generated by org.testng.reporters.JUnitReportReporter -->
<testsuite hostname="LAPTOP-U5BGPN10" name="com.mmp.admin.tests.ReportsPageTest" tests="3" failures="0" timestamp="13 Apr 2018 17:07:16 GMT" time="19.128" errors="0">
  <testcase name="reportstest" time="2.223" classname="com.mmp.admin.tests.ReportsPageTest"/>
  <testcase name="searchPatientSSNTest" time="1.896" classname="com.mmp.admin.tests.ReportsPageTest"/>
  <testcase name="AdminLoginTest" time="15.009" classname="com.mmp.admin.tests.ReportsPageTest"/>
</testsuite> <!-- com.mmp.admin.tests.ReportsPageTest -->
