<?xml version="1.0" encoding="UTF-8"?>
<!-- Generated by org.testng.reporters.JUnitReportReporter -->
<testsuite hostname="LAPTOP-U5BGPN10" name="com.mmp.admin.tests.AddPrescriptionTest" tests="3" failures="0" timestamp="10 Apr 2018 17:40:37 GMT" time="22.755" errors="0">
  <testcase name="addPresdescriptionTest" time="7.097" classname="com.mmp.admin.tests.AddPrescriptionTest"/>
  <testcase name="searchPatientSSNTest" time="1.606" classname="com.mmp.admin.tests.AddPrescriptionTest"/>
  <testcase name="AdminLoginTest" time="14.052" classname="com.mmp.admin.tests.AddPrescriptionTest"/>
</testsuite> <!-- com.mmp.admin.tests.AddPrescriptionTest -->
