<?xml version="1.0" encoding="UTF-8"?>
<!-- Generated by org.testng.reporters.JUnitReportReporter -->
<testsuite hostname="LAPTOP-U5BGPN10" name="com.mmp.admin.tests.AdminModule" tests="6" failures="0" timestamp="23 Apr 2018 22:47:05 GMT" time="79.080" errors="0">
  <testcase name="createFeeMethodTest" time="9.404" classname="com.mmp.admin.tests.AdminModule"/>
  <testcase name="searchPatientSSNTest" time="0.981" classname="com.mmp.admin.tests.AdminModule"/>
  <testcase name="createpatientvisitTest" time="46.369" classname="com.mmp.admin.tests.AdminModule"/>
  <testcase name="reportstest" time="2.877" classname="com.mmp.admin.tests.AdminModule"/>
  <testcase name="AdminLoginTest" time="11.836" classname="com.mmp.admin.tests.AdminModule"/>
  <testcase name="addPresdescriptionTest" time="7.613" classname="com.mmp.admin.tests.AdminModule"/>
</testsuite> <!-- com.mmp.admin.tests.AdminModule -->
