<?xml version="1.0" encoding="UTF-8"?>
<!-- Generated by org.testng.reporters.JUnitReportReporter -->
<testsuite hostname="LAPTOP-U5BGPN10" name="com.mmp.patient.tests.LoginPageTest" tests="2" failures="0" timestamp="1 Apr 2018 04:57:49 GMT" time="16.154" errors="0">
  <testcase name="validateUserNameTest" time="0.047" classname="com.mmp.patient.tests.LoginPageTest"/>
  <testcase name="LoginTest" time="16.107" classname="com.mmp.patient.tests.LoginPageTest"/>
</testsuite> <!-- com.mmp.patient.tests.LoginPageTest -->
