<?xml version="1.0" encoding="UTF-8"?>
<!-- Generated by org.testng.reporters.JUnitReportReporter -->
<testsuite hostname="LAPTOP-U5BGPN10" name="com.mmp.patient.tests.ScheduleAppointTest" tests="2" failures="0" timestamp="6 Apr 2018 16:39:10 GMT" time="54.287" errors="0">
  <testcase name="verifyAppointmenttest" time="2.201" classname="com.mmp.patient.tests.ScheduleAppointTest"/>
  <testcase name="scheduleAppointmenttest" time="52.086" classname="com.mmp.patient.tests.ScheduleAppointTest"/>
</testsuite> <!-- com.mmp.patient.tests.ScheduleAppointTest -->
