<?xml version="1.0" encoding="UTF-8"?>
<!-- Generated by org.testng.reporters.JUnitReportReporter -->
<testsuite hostname="LAPTOP-U5BGPN10" name="com.mmp.admin.tests.CreateVisitTest" tests="3" failures="0" timestamp="10 Apr 2018 16:37:20 GMT" time="59.011" errors="0">
  <testcase name="searchPatientSSNTest" time="0.991" classname="com.mmp.admin.tests.CreateVisitTest"/>
  <testcase name="createpatientvisitTest" time="46.612" classname="com.mmp.admin.tests.CreateVisitTest"/>
  <testcase name="AdminLoginTest" time="11.408" classname="com.mmp.admin.tests.CreateVisitTest"/>
</testsuite> <!-- com.mmp.admin.tests.CreateVisitTest -->
