<?xml version="1.0" encoding="UTF-8"?>
<!-- Generated by org.testng.reporters.JUnitReportReporter -->
<testsuite hostname="LAPTOP-U5BGPN10" name="com.mmp.patient.tests.AdminLoginPageTest" tests="1" failures="0" timestamp="5 Apr 2018 15:52:09 GMT" time="11.052" errors="0">
  <testcase name="AdminLoginTest" time="11.052" classname="com.mmp.patient.tests.AdminLoginPageTest"/>
</testsuite> <!-- com.mmp.patient.tests.AdminLoginPageTest -->
