<?xml version="1.0" encoding="UTF-8"?>
<!-- Generated by org.testng.reporters.JUnitReportReporter -->
<testsuite hostname="LAPTOP-U5BGPN10" name="com.mmp.admin.tests.AdminLoginPageTest" tests="1" failures="0" timestamp="13 Apr 2018 04:04:05 GMT" time="11.330" errors="0">
  <testcase name="AdminLoginTest" time="11.330" classname="com.mmp.admin.tests.AdminLoginPageTest"/>
</testsuite> <!-- com.mmp.admin.tests.AdminLoginPageTest -->
