<?xml version="1.0" encoding="UTF-8"?>
<!-- Generated by org.testng.reporters.JUnitReportReporter -->
<testsuite hostname="LAPTOP-U5BGPN10" name="com.mmp.patient.tests.LoginPageTest" tests="3" failures="0" timestamp="25 Apr 2018 01:34:27 GMT" time="16.410" errors="0">
  <testcase name="LoginTest" time="15.649" classname="com.mmp.patient.tests.LoginPageTest"/>
  <testcase name="validateUserNameTest" time="0.058" classname="com.mmp.patient.tests.LoginPageTest"/>
  <testcase name="patientloginTest" time="0.703" classname="com.mmp.patient.tests.LoginPageTest"/>
</testsuite> <!-- com.mmp.patient.tests.LoginPageTest -->
