<?xml version="1.0" encoding="UTF-8"?>
<!-- Generated by org.testng.reporters.JUnitReportReporter -->
<testsuite hostname="LAPTOP-U5BGPN10" name="com.mmp.admin.tests.CreateFeePageTest" tests="3" failures="0" timestamp="10 Apr 2018 18:35:49 GMT" time="28.015" errors="0">
  <testcase name="createFeeMethodTest" time="8.832" classname="com.mmp.admin.tests.CreateFeePageTest"/>
  <testcase name="searchPatientSSNTest" time="1.872" classname="com.mmp.admin.tests.CreateFeePageTest"/>
  <testcase name="AdminLoginTest" time="17.311" classname="com.mmp.admin.tests.CreateFeePageTest"/>
</testsuite> <!-- com.mmp.admin.tests.CreateFeePageTest -->
