<?xml version="1.0" encoding="UTF-8"?>
<!-- Generated by org.testng.reporters.JUnitReportReporter -->
<testsuite hostname="LAPTOP-U5BGPN10" name="com.mmp.patient.tests.VerifyPageTest" tests="4" failures="0" timestamp="10 Apr 2018 02:36:58 GMT" time="2.189" errors="0">
  <testcase name="secondlabeltest" time="0.042" classname="com.mmp.patient.tests.VerifyPageTest"/>
  <testcase name="gettitleTest" time="2.059" classname="com.mmp.patient.tests.VerifyPageTest"/>
  <testcase name="firstlabeltest" time="0.054" classname="com.mmp.patient.tests.VerifyPageTest"/>
  <testcase name="sendbuttontest" time="0.034" classname="com.mmp.patient.tests.VerifyPageTest"/>
</testsuite> <!-- com.mmp.patient.tests.VerifyPageTest -->
